Release 14.7 Map P.20131013 (nt)
Xilinx Mapping Report File for Design 'fpga'

Design Information
------------------
Command Line   : map -o build/fpga/inp.map.ncd build/fpga/inp.ngd
build/fpga/inp.pcf 
Target Device  : xc3s50
Target Package : pq208
Target Speed   : -4
Mapper Version : spartan3 -- $Revision: 1.55 $
Mapped Date    : Fri Dec 02 16:17:37 2016

Design Summary
--------------
Number of errors   :   1
Number of warnings :   0

Section 1 - Errors
------------------
ERROR:Security:9c - No 'ISE' nor 'WebPack' feature version 2013.10 was available
for part 'xc3s50'.
ERROR:Map:258 - A problem was encountered attempting to get the license for this
   architecture. 

Section 2 - Warnings
--------------------

Section 3 - Informational
-------------------------
INFO:Security:54 - 'xc3s50' is a WebPack part.
INFO:Security:5a - A feature for WebPack was found but is for an older version.
INFO:Security:60 - The XILINXD_LICENSE_FILE environment variable is set to
'2100@semik.fit.vutbr.cz'.
INFO:Security:62 - The LM_LICENSE_FILE environment variable is set to
'1717@semik.fit.vutbr.cz'.
INFO:Security:68 - For more information or for assistance in obtaining 
INFO:Security:68a - user is Fitkit, on host FITKIT-PC.
